<?xml version="1.0" encoding="UTF-8"?>
<robot generator="Robot 3.2.2 (Python 3.9.0 on win32)" generated="20201130 22:16:16.351" rpa="false">
<suite id="s1" name="Antenas Robot" source="C:\Users\baota\Desktop\FATEC\Antenas_Sakaue\Antenas_Robot\Antenas_Robot">
<suite id="s1-s1" name="E2E" source="C:\Users\baota\Desktop\FATEC\Antenas_Sakaue\Antenas_Robot\Antenas_Robot\E2E.robot">
<test id="s1-s1-t1" name="Logar Empresario e Criar Projeto">
<kw name="Run Keywords" library="BuiltIn" type="setup">
<doc>Executes all the given keywords in a sequence.</doc>
<arguments>
<arg>Open Browser</arg>
<arg>${PROD_URL}</arg>
<arg>${BROWSER}</arg>
<arg>AND</arg>
<arg>Set Selenium Speed</arg>
<arg>${SELSPEED}</arg>
<arg>AND</arg>
<arg>maximize browser window</arg>
</arguments>
<kw name="Open Browser" library="SeleniumLibrary">
<doc>Opens a new browser instance to the optional ``url``.</doc>
<arguments>
<arg>${PROD_URL}</arg>
<arg>${BROWSER}</arg>
</arguments>
<msg timestamp="20201130 22:16:16.857" level="INFO">Opening browser 'chrome' to base url 'http://ec2-54-226-210-129.compute-1.amazonaws.com/'.</msg>
<status status="PASS" starttime="20201130 22:16:16.857" endtime="20201130 22:16:22.294"></status>
</kw>
<kw name="Set Selenium Speed" library="SeleniumLibrary">
<doc>Sets the delay that is waited after each Selenium command.</doc>
<arguments>
<arg>${SELSPEED}</arg>
</arguments>
<status status="PASS" starttime="20201130 22:16:22.295" endtime="20201130 22:16:22.296"></status>
</kw>
<kw name="Maximize Browser Window" library="SeleniumLibrary">
<doc>Maximizes current browser window.</doc>
<status status="PASS" starttime="20201130 22:16:22.297" endtime="20201130 22:16:24.930"></status>
</kw>
<status status="PASS" starttime="20201130 22:16:16.856" endtime="20201130 22:16:24.930"></status>
</kw>
<kw name="click">
<arguments>
<arg>xpath=//div[@id='root']/article/nav/div/a/button/span</arg>
</arguments>
<kw name="Click Element" library="SeleniumLibrary">
<doc>Click the element identified by ``locator``.</doc>
<arguments>
<arg>${element}</arg>
</arguments>
<msg timestamp="20201130 22:16:24.933" level="INFO">Clicking element 'xpath=//div[@id='root']/article/nav/div/a/button/span'.</msg>
<status status="PASS" starttime="20201130 22:16:24.932" endtime="20201130 22:16:26.169"></status>
</kw>
<status status="PASS" starttime="20201130 22:16:24.931" endtime="20201130 22:16:26.170"></status>
</kw>
<kw name="click">
<arguments>
<arg>name=email</arg>
</arguments>
<kw name="Click Element" library="SeleniumLibrary">
<doc>Click the element identified by ``locator``.</doc>
<arguments>
<arg>${element}</arg>
</arguments>
<msg timestamp="20201130 22:16:26.173" level="INFO">Clicking element 'name=email'.</msg>
<status status="PASS" starttime="20201130 22:16:26.172" endtime="20201130 22:16:27.270"></status>
</kw>
<status status="PASS" starttime="20201130 22:16:26.171" endtime="20201130 22:16:27.271"></status>
</kw>
<kw name="type">
<arguments>
<arg>name=email</arg>
<arg>${NOMEEMPRESARIO}@email.com</arg>
</arguments>
<kw name="Input Text" library="SeleniumLibrary">
<doc>Types the given ``text`` into the text field identified by ``locator``.</doc>
<arguments>
<arg>${element}</arg>
<arg>${value}</arg>
</arguments>
<msg timestamp="20201130 22:16:27.273" level="INFO">Typing text 'TesteEmpresario01@email.com' into text field 'name=email'.</msg>
<status status="PASS" starttime="20201130 22:16:27.272" endtime="20201130 22:16:28.984"></status>
</kw>
<status status="PASS" starttime="20201130 22:16:27.271" endtime="20201130 22:16:28.985"></status>
</kw>
<kw name="click">
<arguments>
<arg>name=password</arg>
</arguments>
<kw name="Click Element" library="SeleniumLibrary">
<doc>Click the element identified by ``locator``.</doc>
<arguments>
<arg>${element}</arg>
</arguments>
<msg timestamp="20201130 22:16:28.989" level="INFO">Clicking element 'name=password'.</msg>
<status status="PASS" starttime="20201130 22:16:28.988" endtime="20201130 22:16:30.099"></status>
</kw>
<status status="PASS" starttime="20201130 22:16:28.986" endtime="20201130 22:16:30.100"></status>
</kw>
<kw name="type">
<arguments>
<arg>name=password</arg>
<arg>${SENHA}</arg>
</arguments>
<kw name="Input Text" library="SeleniumLibrary">
<doc>Types the given ``text`` into the text field identified by ``locator``.</doc>
<arguments>
<arg>${element}</arg>
<arg>${value}</arg>
</arguments>
<msg timestamp="20201130 22:16:30.103" level="INFO">Typing text '123456' into text field 'name=password'.</msg>
<status status="PASS" starttime="20201130 22:16:30.102" endtime="20201130 22:16:31.721"></status>
</kw>
<status status="PASS" starttime="20201130 22:16:30.100" endtime="20201130 22:16:31.721"></status>
</kw>
<kw name="click">
<arguments>
<arg>xpath=//div[@id='root']/div/div/div[2]/div/div/h2</arg>
</arguments>
<kw name="Click Element" library="SeleniumLibrary">
<doc>Click the element identified by ``locator``.</doc>
<arguments>
<arg>${element}</arg>
</arguments>
<msg timestamp="20201130 22:16:31.723" level="INFO">Clicking element 'xpath=//div[@id='root']/div/div/div[2]/div/div/h2'.</msg>
<status status="PASS" starttime="20201130 22:16:31.722" endtime="20201130 22:16:32.806"></status>
</kw>
<status status="PASS" starttime="20201130 22:16:31.721" endtime="20201130 22:16:32.806"></status>
</kw>
<kw name="click">
<arguments>
<arg>xpath=//div[@id='root']/div/div/div[2]/div/div/section/form/div[3]/button/span</arg>
</arguments>
<kw name="Click Element" library="SeleniumLibrary">
<doc>Click the element identified by ``locator``.</doc>
<arguments>
<arg>${element}</arg>
</arguments>
<msg timestamp="20201130 22:16:32.808" level="INFO">Clicking element 'xpath=//div[@id='root']/div/div/div[2]/div/div/section/form/div[3]/button/span'.</msg>
<status status="PASS" starttime="20201130 22:16:32.807" endtime="20201130 22:16:33.949"></status>
</kw>
<status status="PASS" starttime="20201130 22:16:32.806" endtime="20201130 22:16:33.950"></status>
</kw>
<kw name="Sleep" library="BuiltIn">
<doc>Pauses the test executed for the given time.</doc>
<arguments>
<arg>3s</arg>
</arguments>
<msg timestamp="20201130 22:16:36.954" level="INFO">Slept 3 seconds</msg>
<status status="PASS" starttime="20201130 22:16:33.951" endtime="20201130 22:16:36.954"></status>
</kw>
<kw name="click">
<arguments>
<arg>xpath=/html/body/div/nav/ul/li[4]/a/span</arg>
</arguments>
<kw name="Click Element" library="SeleniumLibrary">
<doc>Click the element identified by ``locator``.</doc>
<arguments>
<arg>${element}</arg>
</arguments>
<msg timestamp="20201130 22:16:36.957" level="INFO">Clicking element 'xpath=/html/body/div/nav/ul/li[4]/a/span'.</msg>
<status status="PASS" starttime="20201130 22:16:36.956" endtime="20201130 22:16:38.127"></status>
</kw>
<status status="PASS" starttime="20201130 22:16:36.955" endtime="20201130 22:16:38.127"></status>
</kw>
<kw name="click">
<arguments>
<arg>xpath=/html/body/div/article/div/div/div[1]/div/div/div/button[1]/span[1]</arg>
</arguments>
<kw name="Click Element" library="SeleniumLibrary">
<doc>Click the element identified by ``locator``.</doc>
<arguments>
<arg>${element}</arg>
</arguments>
<msg timestamp="20201130 22:16:38.129" level="INFO">Clicking element 'xpath=/html/body/div/article/div/div/div[1]/div/div/div/button[1]/span[1]'.</msg>
<status status="PASS" starttime="20201130 22:16:38.128" endtime="20201130 22:16:39.194"></status>
</kw>
<status status="PASS" starttime="20201130 22:16:38.127" endtime="20201130 22:16:39.195"></status>
</kw>
<kw name="click">
<arguments>
<arg>name=title</arg>
</arguments>
<kw name="Click Element" library="SeleniumLibrary">
<doc>Click the element identified by ``locator``.</doc>
<arguments>
<arg>${element}</arg>
</arguments>
<msg timestamp="20201130 22:16:39.197" level="INFO">Clicking element 'name=title'.</msg>
<status status="PASS" starttime="20201130 22:16:39.196" endtime="20201130 22:16:40.313"></status>
</kw>
<status status="PASS" starttime="20201130 22:16:39.195" endtime="20201130 22:16:40.313"></status>
</kw>
<kw name="type">
<arguments>
<arg>name=title</arg>
<arg>${TITULO_PROJETO}</arg>
</arguments>
<kw name="Input Text" library="SeleniumLibrary">
<doc>Types the given ``text`` into the text field identified by ``locator``.</doc>
<arguments>
<arg>${element}</arg>
<arg>${value}</arg>
</arguments>
<msg timestamp="20201130 22:16:40.315" level="INFO">Typing text 'Projeto E2E' into text field 'name=title'.</msg>
<status status="PASS" starttime="20201130 22:16:40.315" endtime="20201130 22:16:41.929"></status>
</kw>
<status status="PASS" starttime="20201130 22:16:40.314" endtime="20201130 22:16:41.930"></status>
</kw>
<kw name="click">
<arguments>
<arg>name=quickDescription</arg>
</arguments>
<kw name="Click Element" library="SeleniumLibrary">
<doc>Click the element identified by ``locator``.</doc>
<arguments>
<arg>${element}</arg>
</arguments>
<msg timestamp="20201130 22:16:41.932" level="INFO">Clicking element 'name=quickDescription'.</msg>
<status status="PASS" starttime="20201130 22:16:41.931" endtime="20201130 22:16:43.252"></status>
</kw>
<status status="PASS" starttime="20201130 22:16:41.930" endtime="20201130 22:16:43.253"></status>
</kw>
<kw name="type">
<arguments>
<arg>name=quickDescription</arg>
<arg>${DESC_PROJETO}</arg>
</arguments>
<kw name="Input Text" library="SeleniumLibrary">
<doc>Types the given ``text`` into the text field identified by ``locator``.</doc>
<arguments>
<arg>${element}</arg>
<arg>${value}</arg>
</arguments>
<msg timestamp="20201130 22:16:43.254" level="INFO">Typing text 'Descricao do Projeto E2E' into text field 'name=quickDescription'.</msg>
<status status="PASS" starttime="20201130 22:16:43.254" endtime="20201130 22:16:44.926"></status>
</kw>
<status status="PASS" starttime="20201130 22:16:43.253" endtime="20201130 22:16:44.926"></status>
</kw>
<kw name="click">
<arguments>
<arg>name=linkOne</arg>
</arguments>
<kw name="Click Element" library="SeleniumLibrary">
<doc>Click the element identified by ``locator``.</doc>
<arguments>
<arg>${element}</arg>
</arguments>
<msg timestamp="20201130 22:16:44.928" level="INFO">Clicking element 'name=linkOne'.</msg>
<status status="PASS" starttime="20201130 22:16:44.927" endtime="20201130 22:16:46.014"></status>
</kw>
<status status="PASS" starttime="20201130 22:16:44.927" endtime="20201130 22:16:46.014"></status>
</kw>
<kw name="type">
<arguments>
<arg>name=linkOne</arg>
<arg>${LINK_PROJETO}</arg>
</arguments>
<kw name="Input Text" library="SeleniumLibrary">
<doc>Types the given ``text`` into the text field identified by ``locator``.</doc>
<arguments>
<arg>${element}</arg>
<arg>${value}</arg>
</arguments>
<msg timestamp="20201130 22:16:46.017" level="INFO">Typing text 'projetoe2e.com.br' into text field 'name=linkOne'.</msg>
<status status="PASS" starttime="20201130 22:16:46.015" endtime="20201130 22:16:47.630"></status>
</kw>
<status status="PASS" starttime="20201130 22:16:46.014" endtime="20201130 22:16:47.630"></status>
</kw>
<kw name="click">
<arguments>
<arg>xpath=//div[@id='root']/article/h2</arg>
</arguments>
<kw name="Click Element" library="SeleniumLibrary">
<doc>Click the element identified by ``locator``.</doc>
<arguments>
<arg>${element}</arg>
</arguments>
<msg timestamp="20201130 22:16:47.632" level="INFO">Clicking element 'xpath=//div[@id='root']/article/h2'.</msg>
<status status="PASS" starttime="20201130 22:16:47.632" endtime="20201130 22:16:48.712"></status>
</kw>
<status status="PASS" starttime="20201130 22:16:47.630" endtime="20201130 22:16:48.712"></status>
</kw>
<kw name="click">
<arguments>
<arg>xpath=//div[@id='root']/article/div/div/div[2]/div/div/form/div[4]/button/span</arg>
</arguments>
<kw name="Click Element" library="SeleniumLibrary">
<doc>Click the element identified by ``locator``.</doc>
<arguments>
<arg>${element}</arg>
</arguments>
<msg timestamp="20201130 22:16:48.713" level="INFO">Clicking element 'xpath=//div[@id='root']/article/div/div/div[2]/div/div/form/div[4]/button/span'.</msg>
<status status="PASS" starttime="20201130 22:16:48.713" endtime="20201130 22:16:49.808"></status>
</kw>
<status status="PASS" starttime="20201130 22:16:48.712" endtime="20201130 22:16:49.808"></status>
</kw>
<status status="PASS" starttime="20201130 22:16:16.852" endtime="20201130 22:16:49.809" critical="yes"></status>
</test>
<test id="s1-s1-t2" name="Logar Cadi e Aprovacao da Criaco do Projeto">
<kw name="Run Keywords" library="BuiltIn" type="setup">
<doc>Executes all the given keywords in a sequence.</doc>
<arguments>
<arg>Open Browser</arg>
<arg>${PROD_URL}</arg>
<arg>${BROWSER}</arg>
<arg>AND</arg>
<arg>Set Selenium Speed</arg>
<arg>${SELSPEED}</arg>
<arg>AND</arg>
<arg>maximize browser window</arg>
</arguments>
<kw name="Open Browser" library="SeleniumLibrary">
<doc>Opens a new browser instance to the optional ``url``.</doc>
<arguments>
<arg>${PROD_URL}</arg>
<arg>${BROWSER}</arg>
</arguments>
<msg timestamp="20201130 22:16:49.812" level="INFO">Opening browser 'chrome' to base url 'http://ec2-54-226-210-129.compute-1.amazonaws.com/'.</msg>
<status status="PASS" starttime="20201130 22:16:49.811" endtime="20201130 22:16:55.511"></status>
</kw>
<kw name="Set Selenium Speed" library="SeleniumLibrary">
<doc>Sets the delay that is waited after each Selenium command.</doc>
<arguments>
<arg>${SELSPEED}</arg>
</arguments>
<status status="PASS" starttime="20201130 22:16:55.514" endtime="20201130 22:16:55.516"></status>
</kw>
<kw name="Maximize Browser Window" library="SeleniumLibrary">
<doc>Maximizes current browser window.</doc>
<status status="PASS" starttime="20201130 22:16:55.516" endtime="20201130 22:16:58.148"></status>
</kw>
<status status="PASS" starttime="20201130 22:16:49.810" endtime="20201130 22:16:58.148"></status>
</kw>
<kw name="click">
<arguments>
<arg>xpath=//div[@id='root']/article/nav/div/a/button/span</arg>
</arguments>
<kw name="Click Element" library="SeleniumLibrary">
<doc>Click the element identified by ``locator``.</doc>
<arguments>
<arg>${element}</arg>
</arguments>
<msg timestamp="20201130 22:16:58.151" level="INFO">Clicking element 'xpath=//div[@id='root']/article/nav/div/a/button/span'.</msg>
<status status="PASS" starttime="20201130 22:16:58.150" endtime="20201130 22:16:59.382"></status>
</kw>
<status status="PASS" starttime="20201130 22:16:58.149" endtime="20201130 22:16:59.382"></status>
</kw>
<kw name="click">
<arguments>
<arg>name=email</arg>
</arguments>
<kw name="Click Element" library="SeleniumLibrary">
<doc>Click the element identified by ``locator``.</doc>
<arguments>
<arg>${element}</arg>
</arguments>
<msg timestamp="20201130 22:16:59.384" level="INFO">Clicking element 'name=email'.</msg>
<status status="PASS" starttime="20201130 22:16:59.383" endtime="20201130 22:17:00.469"></status>
</kw>
<status status="PASS" starttime="20201130 22:16:59.383" endtime="20201130 22:17:00.469"></status>
</kw>
<kw name="type">
<arguments>
<arg>name=email</arg>
<arg>${NOMECADI}@email.com</arg>
</arguments>
<kw name="Input Text" library="SeleniumLibrary">
<doc>Types the given ``text`` into the text field identified by ``locator``.</doc>
<arguments>
<arg>${element}</arg>
<arg>${value}</arg>
</arguments>
<msg timestamp="20201130 22:17:00.472" level="INFO">Typing text 'TesteCadi01@email.com' into text field 'name=email'.</msg>
<status status="PASS" starttime="20201130 22:17:00.471" endtime="20201130 22:17:02.130"></status>
</kw>
<status status="PASS" starttime="20201130 22:17:00.470" endtime="20201130 22:17:02.130"></status>
</kw>
<kw name="click">
<arguments>
<arg>name=password</arg>
</arguments>
<kw name="Click Element" library="SeleniumLibrary">
<doc>Click the element identified by ``locator``.</doc>
<arguments>
<arg>${element}</arg>
</arguments>
<msg timestamp="20201130 22:17:02.133" level="INFO">Clicking element 'name=password'.</msg>
<status status="PASS" starttime="20201130 22:17:02.133" endtime="20201130 22:17:03.255"></status>
</kw>
<status status="PASS" starttime="20201130 22:17:02.132" endtime="20201130 22:17:03.256"></status>
</kw>
<kw name="type">
<arguments>
<arg>name=password</arg>
<arg>${SENHA}</arg>
</arguments>
<kw name="Input Text" library="SeleniumLibrary">
<doc>Types the given ``text`` into the text field identified by ``locator``.</doc>
<arguments>
<arg>${element}</arg>
<arg>${value}</arg>
</arguments>
<msg timestamp="20201130 22:17:03.259" level="INFO">Typing text '123456' into text field 'name=password'.</msg>
<status status="PASS" starttime="20201130 22:17:03.258" endtime="20201130 22:17:04.889"></status>
</kw>
<status status="PASS" starttime="20201130 22:17:03.256" endtime="20201130 22:17:04.889"></status>
</kw>
<kw name="click">
<arguments>
<arg>xpath=//div[@id='root']/div/div/div[2]/div/div/h2</arg>
</arguments>
<kw name="Click Element" library="SeleniumLibrary">
<doc>Click the element identified by ``locator``.</doc>
<arguments>
<arg>${element}</arg>
</arguments>
<msg timestamp="20201130 22:17:04.891" level="INFO">Clicking element 'xpath=//div[@id='root']/div/div/div[2]/div/div/h2'.</msg>
<status status="PASS" starttime="20201130 22:17:04.890" endtime="20201130 22:17:05.970"></status>
</kw>
<status status="PASS" starttime="20201130 22:17:04.890" endtime="20201130 22:17:05.970"></status>
</kw>
<kw name="click">
<arguments>
<arg>xpath=//div[@id='root']/div/div/div[2]/div/div/section/form/div[3]/button/span</arg>
</arguments>
<kw name="Click Element" library="SeleniumLibrary">
<doc>Click the element identified by ``locator``.</doc>
<arguments>
<arg>${element}</arg>
</arguments>
<msg timestamp="20201130 22:17:05.972" level="INFO">Clicking element 'xpath=//div[@id='root']/div/div/div[2]/div/div/section/form/div[3]/button/span'.</msg>
<status status="PASS" starttime="20201130 22:17:05.971" endtime="20201130 22:17:07.057"></status>
</kw>
<status status="PASS" starttime="20201130 22:17:05.971" endtime="20201130 22:17:07.057"></status>
</kw>
<kw name="Sleep" library="BuiltIn">
<doc>Pauses the test executed for the given time.</doc>
<arguments>
<arg>3s</arg>
</arguments>
<msg timestamp="20201130 22:17:10.059" level="INFO">Slept 3 seconds</msg>
<status status="PASS" starttime="20201130 22:17:07.057" endtime="20201130 22:17:10.059"></status>
</kw>
<kw name="click">
<arguments>
<arg>xpath=/html/body/div/nav/ul/li[4]/a/span</arg>
</arguments>
<kw name="Click Element" library="SeleniumLibrary">
<doc>Click the element identified by ``locator``.</doc>
<arguments>
<arg>${element}</arg>
</arguments>
<msg timestamp="20201130 22:17:10.062" level="INFO">Clicking element 'xpath=/html/body/div/nav/ul/li[4]/a/span'.</msg>
<status status="PASS" starttime="20201130 22:17:10.062" endtime="20201130 22:17:11.241"></status>
</kw>
<status status="PASS" starttime="20201130 22:17:10.060" endtime="20201130 22:17:11.241"></status>
</kw>
<kw name="Sleep" library="BuiltIn">
<doc>Pauses the test executed for the given time.</doc>
<arguments>
<arg>3s</arg>
</arguments>
<msg timestamp="20201130 22:17:14.244" level="INFO">Slept 3 seconds</msg>
<status status="PASS" starttime="20201130 22:17:11.242" endtime="20201130 22:17:14.245"></status>
</kw>
<kw name="click">
<arguments>
<arg>xpath=//div[@id='root']/article/div/div/div[2]/div/div/div/div/div/div</arg>
</arguments>
<kw name="Click Element" library="SeleniumLibrary">
<doc>Click the element identified by ``locator``.</doc>
<arguments>
<arg>${element}</arg>
</arguments>
<msg timestamp="20201130 22:17:14.247" level="INFO">Clicking element 'xpath=//div[@id='root']/article/div/div/div[2]/div/div/div/div/div/div'.</msg>
<status status="PASS" starttime="20201130 22:17:14.246" endtime="20201130 22:17:15.374"></status>
</kw>
<status status="PASS" starttime="20201130 22:17:14.245" endtime="20201130 22:17:15.374"></status>
</kw>
<kw name="Sleep" library="BuiltIn">
<doc>Pauses the test executed for the given time.</doc>
<arguments>
<arg>3s</arg>
</arguments>
<msg timestamp="20201130 22:17:18.376" level="INFO">Slept 3 seconds</msg>
<status status="PASS" starttime="20201130 22:17:15.374" endtime="20201130 22:17:18.377"></status>
</kw>
<kw name="click">
<arguments>
<arg>id=react-select-empresario-option-11</arg>
</arguments>
<kw name="Click Element" library="SeleniumLibrary">
<doc>Click the element identified by ``locator``.</doc>
<arguments>
<arg>${element}</arg>
</arguments>
<msg timestamp="20201130 22:17:18.379" level="INFO">Clicking element 'id=react-select-empresario-option-11'.</msg>
<status status="PASS" starttime="20201130 22:17:18.378" endtime="20201130 22:17:19.472"></status>
</kw>
<status status="PASS" starttime="20201130 22:17:18.377" endtime="20201130 22:17:19.472"></status>
</kw>
<kw name="click">
<arguments>
<arg>xpath=//div[@id='root']/article/div/div/div[2]/div/div/div[2]/div/div/div</arg>
</arguments>
<kw name="Click Element" library="SeleniumLibrary">
<doc>Click the element identified by ``locator``.</doc>
<arguments>
<arg>${element}</arg>
</arguments>
<msg timestamp="20201130 22:17:19.473" level="INFO">Clicking element 'xpath=//div[@id='root']/article/div/div/div[2]/div/div/div[2]/div/div/div'.</msg>
<status status="PASS" starttime="20201130 22:17:19.473" endtime="20201130 22:17:20.563"></status>
</kw>
<status status="PASS" starttime="20201130 22:17:19.472" endtime="20201130 22:17:20.563"></status>
</kw>
<kw name="Sleep" library="BuiltIn">
<doc>Pauses the test executed for the given time.</doc>
<arguments>
<arg>3s</arg>
</arguments>
<msg timestamp="20201130 22:17:23.566" level="INFO">Slept 3 seconds</msg>
<status status="PASS" starttime="20201130 22:17:20.564" endtime="20201130 22:17:23.566"></status>
</kw>
<kw name="click">
<arguments>
<arg>id=react-select-project-option-0</arg>
</arguments>
<kw name="Click Element" library="SeleniumLibrary">
<doc>Click the element identified by ``locator``.</doc>
<arguments>
<arg>${element}</arg>
</arguments>
<msg timestamp="20201130 22:17:23.568" level="INFO">Clicking element 'id=react-select-project-option-0'.</msg>
<status status="PASS" starttime="20201130 22:17:23.567" endtime="20201130 22:17:24.847"></status>
</kw>
<status status="PASS" starttime="20201130 22:17:23.566" endtime="20201130 22:17:24.848"></status>
</kw>
<kw name="Sleep" library="BuiltIn">
<doc>Pauses the test executed for the given time.</doc>
<arguments>
<arg>3s</arg>
</arguments>
<msg timestamp="20201130 22:17:27.851" level="INFO">Slept 3 seconds</msg>
<status status="PASS" starttime="20201130 22:17:24.848" endtime="20201130 22:17:27.851"></status>
</kw>
<kw name="click">
<arguments>
<arg>xpath=/html/body/div/article/div/div/div[2]/div/div/div[4]/form/div[1]/div</arg>
</arguments>
<kw name="Click Element" library="SeleniumLibrary">
<doc>Click the element identified by ``locator``.</doc>
<arguments>
<arg>${element}</arg>
</arguments>
<msg timestamp="20201130 22:17:27.853" level="INFO">Clicking element 'xpath=/html/body/div/article/div/div/div[2]/div/div/div[4]/form/div[1]/div'.</msg>
<status status="PASS" starttime="20201130 22:17:27.853" endtime="20201130 22:17:28.949"></status>
</kw>
<status status="PASS" starttime="20201130 22:17:27.851" endtime="20201130 22:17:28.949"></status>
</kw>
<kw name="Sleep" library="BuiltIn">
<doc>Pauses the test executed for the given time.</doc>
<arguments>
<arg>3s</arg>
</arguments>
<msg timestamp="20201130 22:17:31.952" level="INFO">Slept 3 seconds</msg>
<status status="PASS" starttime="20201130 22:17:28.950" endtime="20201130 22:17:31.952"></status>
</kw>
<kw name="click">
<arguments>
<arg>id=react-select-step-option-0</arg>
</arguments>
<kw name="Click Element" library="SeleniumLibrary">
<doc>Click the element identified by ``locator``.</doc>
<arguments>
<arg>${element}</arg>
</arguments>
<msg timestamp="20201130 22:17:31.955" level="INFO">Clicking element 'id=react-select-step-option-0'.</msg>
<status status="PASS" starttime="20201130 22:17:31.954" endtime="20201130 22:17:33.037"></status>
</kw>
<status status="PASS" starttime="20201130 22:17:31.953" endtime="20201130 22:17:33.038"></status>
</kw>
<kw name="Sleep" library="BuiltIn">
<doc>Pauses the test executed for the given time.</doc>
<arguments>
<arg>3s</arg>
</arguments>
<msg timestamp="20201130 22:17:36.038" level="INFO">Slept 3 seconds</msg>
<status status="PASS" starttime="20201130 22:17:33.038" endtime="20201130 22:17:36.039"></status>
</kw>
<kw name="click">
<arguments>
<arg>xpath=//*[@id="root"]/article/div/div/div[2]/div/div/div[4]/form/div[2]/div/label[1]/span[1]/span[1]/input</arg>
</arguments>
<kw name="Click Element" library="SeleniumLibrary">
<doc>Click the element identified by ``locator``.</doc>
<arguments>
<arg>${element}</arg>
</arguments>
<msg timestamp="20201130 22:17:36.044" level="INFO">Clicking element 'xpath=//*[@id="root"]/article/div/div/div[2]/div/div/div[4]/form/div[2]/div/label[1]/span[1]/span[1]/input'.</msg>
<status status="PASS" starttime="20201130 22:17:36.043" endtime="20201130 22:17:37.223"></status>
</kw>
<status status="PASS" starttime="20201130 22:17:36.041" endtime="20201130 22:17:37.224"></status>
</kw>
<kw name="click">
<arguments>
<arg>name=state.reason</arg>
</arguments>
<kw name="Click Element" library="SeleniumLibrary">
<doc>Click the element identified by ``locator``.</doc>
<arguments>
<arg>${element}</arg>
</arguments>
<msg timestamp="20201130 22:17:37.227" level="INFO">Clicking element 'name=state.reason'.</msg>
<status status="PASS" starttime="20201130 22:17:37.225" endtime="20201130 22:17:38.312"></status>
</kw>
<status status="PASS" starttime="20201130 22:17:37.224" endtime="20201130 22:17:38.312"></status>
</kw>
<kw name="type">
<arguments>
<arg>name=state.reason</arg>
<arg>${STEP_ZERO}</arg>
</arguments>
<kw name="Input Text" library="SeleniumLibrary">
<doc>Types the given ``text`` into the text field identified by ``locator``.</doc>
<arguments>
<arg>${element}</arg>
<arg>${value}</arg>
</arguments>
<msg timestamp="20201130 22:17:38.314" level="INFO">Typing text 'Aprovacao da Criacao do Projeto' into text field 'name=state.reason'.</msg>
<status status="PASS" starttime="20201130 22:17:38.314" endtime="20201130 22:17:40.010"></status>
</kw>
<status status="PASS" starttime="20201130 22:17:38.313" endtime="20201130 22:17:40.010"></status>
</kw>
<kw name="click">
<arguments>
<arg>xpath=//div[@id='root']/article/div/div/div[2]/div/div/div[4]/form/div[4]/button/span</arg>
</arguments>
<kw name="Click Element" library="SeleniumLibrary">
<doc>Click the element identified by ``locator``.</doc>
<arguments>
<arg>${element}</arg>
</arguments>
<msg timestamp="20201130 22:17:40.011" level="INFO">Clicking element 'xpath=//div[@id='root']/article/div/div/div[2]/div/div/div[4]/form/div[4]/button/span'.</msg>
<status status="PASS" starttime="20201130 22:17:40.011" endtime="20201130 22:17:41.337"></status>
</kw>
<status status="PASS" starttime="20201130 22:17:40.011" endtime="20201130 22:17:41.337"></status>
</kw>
<kw name="Sleep" library="BuiltIn">
<doc>Pauses the test executed for the given time.</doc>
<arguments>
<arg>5s</arg>
</arguments>
<msg timestamp="20201130 22:17:46.341" level="INFO">Slept 5 seconds</msg>
<status status="PASS" starttime="20201130 22:17:41.339" endtime="20201130 22:17:46.341"></status>
</kw>
<kw name="click">
<arguments>
<arg>xpath=//div[@id='root']/article/div/div/div[2]/div/div/div[4]/form/div/div/div/div</arg>
</arguments>
<kw name="Click Element" library="SeleniumLibrary">
<doc>Click the element identified by ``locator``.</doc>
<arguments>
<arg>${element}</arg>
</arguments>
<msg timestamp="20201130 22:17:46.343" level="INFO">Clicking element 'xpath=//div[@id='root']/article/div/div/div[2]/div/div/div[4]/form/div/div/div/div'.</msg>
<status status="PASS" starttime="20201130 22:17:46.343" endtime="20201130 22:17:47.463"></status>
</kw>
<status status="PASS" starttime="20201130 22:17:46.342" endtime="20201130 22:17:47.463"></status>
</kw>
<kw name="click">
<arguments>
<arg>id=react-select-step-option-1</arg>
</arguments>
<kw name="Click Element" library="SeleniumLibrary">
<doc>Click the element identified by ``locator``.</doc>
<arguments>
<arg>${element}</arg>
</arguments>
<msg timestamp="20201130 22:17:47.464" level="INFO">Clicking element 'id=react-select-step-option-1'.</msg>
<status status="PASS" starttime="20201130 22:17:47.464" endtime="20201130 22:17:48.534"></status>
</kw>
<status status="PASS" starttime="20201130 22:17:47.463" endtime="20201130 22:17:48.534"></status>
</kw>
<kw name="Sleep" library="BuiltIn">
<doc>Pauses the test executed for the given time.</doc>
<arguments>
<arg>3s</arg>
</arguments>
<msg timestamp="20201130 22:17:51.536" level="INFO">Slept 3 seconds</msg>
<status status="PASS" starttime="20201130 22:17:48.535" endtime="20201130 22:17:51.536"></status>
</kw>
<kw name="click">
<arguments>
<arg>xpath=//*[@id="root"]/article/div/div/div[2]/div/div/div[4]/form/div[2]/div/label[1]/span[1]/span[1]/input</arg>
</arguments>
<kw name="Click Element" library="SeleniumLibrary">
<doc>Click the element identified by ``locator``.</doc>
<arguments>
<arg>${element}</arg>
</arguments>
<msg timestamp="20201130 22:17:51.541" level="INFO">Clicking element 'xpath=//*[@id="root"]/article/div/div/div[2]/div/div/div[4]/form/div[2]/div/label[1]/span[1]/span[1]/input'.</msg>
<status status="PASS" starttime="20201130 22:17:51.540" endtime="20201130 22:17:52.605"></status>
</kw>
<status status="PASS" starttime="20201130 22:17:51.538" endtime="20201130 22:17:52.606"></status>
</kw>
<kw name="click">
<arguments>
<arg>name=state.reason</arg>
</arguments>
<kw name="Click Element" library="SeleniumLibrary">
<doc>Click the element identified by ``locator``.</doc>
<arguments>
<arg>${element}</arg>
</arguments>
<msg timestamp="20201130 22:17:52.610" level="INFO">Clicking element 'name=state.reason'.</msg>
<status status="PASS" starttime="20201130 22:17:52.609" endtime="20201130 22:17:53.712"></status>
</kw>
<status status="PASS" starttime="20201130 22:17:52.607" endtime="20201130 22:17:53.712"></status>
</kw>
<kw name="type">
<arguments>
<arg>name=state.reason</arg>
<arg>${STEP_ONE}</arg>
</arguments>
<kw name="Input Text" library="SeleniumLibrary">
<doc>Types the given ``text`` into the text field identified by ``locator``.</doc>
<arguments>
<arg>${element}</arg>
<arg>${value}</arg>
</arguments>
<msg timestamp="20201130 22:17:53.714" level="INFO">Typing text 'Aprovacao do Projeto' into text field 'name=state.reason'.</msg>
<status status="PASS" starttime="20201130 22:17:53.714" endtime="20201130 22:17:55.393"></status>
</kw>
<status status="PASS" starttime="20201130 22:17:53.713" endtime="20201130 22:17:55.393"></status>
</kw>
<kw name="click">
<arguments>
<arg>xpath=//div[@id='root']/article/div/div/div[2]/div/div/div[4]/form/div[4]/button/span</arg>
</arguments>
<kw name="Click Element" library="SeleniumLibrary">
<doc>Click the element identified by ``locator``.</doc>
<arguments>
<arg>${element}</arg>
</arguments>
<msg timestamp="20201130 22:17:55.394" level="INFO">Clicking element 'xpath=//div[@id='root']/article/div/div/div[2]/div/div/div[4]/form/div[4]/button/span'.</msg>
<status status="PASS" starttime="20201130 22:17:55.394" endtime="20201130 22:17:56.479"></status>
</kw>
<status status="PASS" starttime="20201130 22:17:55.393" endtime="20201130 22:17:56.480"></status>
</kw>
<status status="PASS" starttime="20201130 22:16:49.810" endtime="20201130 22:17:56.480" critical="yes"></status>
</test>
<test id="s1-s1-t3" name="Logar Empresario e Fazer Descricao Completa do Projeto">
<kw name="Run Keywords" library="BuiltIn" type="setup">
<doc>Executes all the given keywords in a sequence.</doc>
<arguments>
<arg>Open Browser</arg>
<arg>${PROD_URL}</arg>
<arg>${BROWSER}</arg>
<arg>AND</arg>
<arg>Set Selenium Speed</arg>
<arg>${SELSPEED}</arg>
<arg>AND</arg>
<arg>maximize browser window</arg>
</arguments>
<kw name="Open Browser" library="SeleniumLibrary">
<doc>Opens a new browser instance to the optional ``url``.</doc>
<arguments>
<arg>${PROD_URL}</arg>
<arg>${BROWSER}</arg>
</arguments>
<msg timestamp="20201130 22:17:56.483" level="INFO">Opening browser 'chrome' to base url 'http://ec2-54-226-210-129.compute-1.amazonaws.com/'.</msg>
<status status="PASS" starttime="20201130 22:17:56.483" endtime="20201130 22:18:02.461"></status>
</kw>
<kw name="Set Selenium Speed" library="SeleniumLibrary">
<doc>Sets the delay that is waited after each Selenium command.</doc>
<arguments>
<arg>${SELSPEED}</arg>
</arguments>
<status status="PASS" starttime="20201130 22:18:02.462" endtime="20201130 22:18:02.463"></status>
</kw>
<kw name="Maximize Browser Window" library="SeleniumLibrary">
<doc>Maximizes current browser window.</doc>
<status status="PASS" starttime="20201130 22:18:02.464" endtime="20201130 22:18:05.109"></status>
</kw>
<status status="PASS" starttime="20201130 22:17:56.482" endtime="20201130 22:18:05.109"></status>
</kw>
<kw name="click">
<arguments>
<arg>xpath=//div[@id='root']/article/nav/div/a/button/span</arg>
</arguments>
<kw name="Click Element" library="SeleniumLibrary">
<doc>Click the element identified by ``locator``.</doc>
<arguments>
<arg>${element}</arg>
</arguments>
<msg timestamp="20201130 22:18:05.112" level="INFO">Clicking element 'xpath=//div[@id='root']/article/nav/div/a/button/span'.</msg>
<status status="PASS" starttime="20201130 22:18:05.111" endtime="20201130 22:18:06.392"></status>
</kw>
<status status="PASS" starttime="20201130 22:18:05.110" endtime="20201130 22:18:06.393"></status>
</kw>
<kw name="click">
<arguments>
<arg>name=email</arg>
</arguments>
<kw name="Click Element" library="SeleniumLibrary">
<doc>Click the element identified by ``locator``.</doc>
<arguments>
<arg>${element}</arg>
</arguments>
<msg timestamp="20201130 22:18:06.395" level="INFO">Clicking element 'name=email'.</msg>
<status status="PASS" starttime="20201130 22:18:06.394" endtime="20201130 22:18:07.496"></status>
</kw>
<status status="PASS" starttime="20201130 22:18:06.393" endtime="20201130 22:18:07.496"></status>
</kw>
<kw name="type">
<arguments>
<arg>name=email</arg>
<arg>${NOMEEMPRESARIO}@email.com</arg>
</arguments>
<kw name="Input Text" library="SeleniumLibrary">
<doc>Types the given ``text`` into the text field identified by ``locator``.</doc>
<arguments>
<arg>${element}</arg>
<arg>${value}</arg>
</arguments>
<msg timestamp="20201130 22:18:07.499" level="INFO">Typing text 'TesteEmpresario01@email.com' into text field 'name=email'.</msg>
<status status="PASS" starttime="20201130 22:18:07.498" endtime="20201130 22:18:09.209"></status>
</kw>
<status status="PASS" starttime="20201130 22:18:07.497" endtime="20201130 22:18:09.209"></status>
</kw>
<kw name="click">
<arguments>
<arg>name=password</arg>
</arguments>
<kw name="Click Element" library="SeleniumLibrary">
<doc>Click the element identified by ``locator``.</doc>
<arguments>
<arg>${element}</arg>
</arguments>
<msg timestamp="20201130 22:18:09.212" level="INFO">Clicking element 'name=password'.</msg>
<status status="PASS" starttime="20201130 22:18:09.211" endtime="20201130 22:18:10.342"></status>
</kw>
<status status="PASS" starttime="20201130 22:18:09.210" endtime="20201130 22:18:10.343"></status>
</kw>
<kw name="type">
<arguments>
<arg>name=password</arg>
<arg>${SENHA}</arg>
</arguments>
<kw name="Input Text" library="SeleniumLibrary">
<doc>Types the given ``text`` into the text field identified by ``locator``.</doc>
<arguments>
<arg>${element}</arg>
<arg>${value}</arg>
</arguments>
<msg timestamp="20201130 22:18:10.345" level="INFO">Typing text '123456' into text field 'name=password'.</msg>
<status status="PASS" starttime="20201130 22:18:10.345" endtime="20201130 22:18:11.960"></status>
</kw>
<status status="PASS" starttime="20201130 22:18:10.343" endtime="20201130 22:18:11.961"></status>
</kw>
<kw name="click">
<arguments>
<arg>xpath=//div[@id='root']/div/div/div[2]/div/div/h2</arg>
</arguments>
<kw name="Click Element" library="SeleniumLibrary">
<doc>Click the element identified by ``locator``.</doc>
<arguments>
<arg>${element}</arg>
</arguments>
<msg timestamp="20201130 22:18:11.963" level="INFO">Clicking element 'xpath=//div[@id='root']/div/div/div[2]/div/div/h2'.</msg>
<status status="PASS" starttime="20201130 22:18:11.962" endtime="20201130 22:18:13.060"></status>
</kw>
<status status="PASS" starttime="20201130 22:18:11.961" endtime="20201130 22:18:13.060"></status>
</kw>
<kw name="click">
<arguments>
<arg>xpath=//div[@id='root']/div/div/div[2]/div/div/section/form/div[3]/button/span</arg>
</arguments>
<kw name="Click Element" library="SeleniumLibrary">
<doc>Click the element identified by ``locator``.</doc>
<arguments>
<arg>${element}</arg>
</arguments>
<msg timestamp="20201130 22:18:13.062" level="INFO">Clicking element 'xpath=//div[@id='root']/div/div/div[2]/div/div/section/form/div[3]/button/span'.</msg>
<status status="PASS" starttime="20201130 22:18:13.061" endtime="20201130 22:18:14.145"></status>
</kw>
<status status="PASS" starttime="20201130 22:18:13.061" endtime="20201130 22:18:14.145"></status>
</kw>
<kw name="Sleep" library="BuiltIn">
<doc>Pauses the test executed for the given time.</doc>
<arguments>
<arg>3s</arg>
</arguments>
<msg timestamp="20201130 22:18:17.147" level="INFO">Slept 3 seconds</msg>
<status status="PASS" starttime="20201130 22:18:14.145" endtime="20201130 22:18:17.148"></status>
</kw>
<kw name="click">
<arguments>
<arg>xpath=/html/body/div/nav/ul/li[4]/a/span</arg>
</arguments>
<kw name="Click Element" library="SeleniumLibrary">
<doc>Click the element identified by ``locator``.</doc>
<arguments>
<arg>${element}</arg>
</arguments>
<msg timestamp="20201130 22:18:17.150" level="INFO">Clicking element 'xpath=/html/body/div/nav/ul/li[4]/a/span'.</msg>
<status status="PASS" starttime="20201130 22:18:17.150" endtime="20201130 22:18:18.388"></status>
</kw>
<status status="PASS" starttime="20201130 22:18:17.149" endtime="20201130 22:18:18.388"></status>
</kw>
<kw name="click">
<arguments>
<arg>xpath=/html/body/div/article/div/div/div[1]/div/div/div/button[2]/span[1]</arg>
</arguments>
<kw name="Click Element" library="SeleniumLibrary">
<doc>Click the element identified by ``locator``.</doc>
<arguments>
<arg>${element}</arg>
</arguments>
<msg timestamp="20201130 22:18:18.390" level="INFO">Clicking element 'xpath=/html/body/div/article/div/div/div[1]/div/div/div/button[2]/span[1]'.</msg>
<status status="PASS" starttime="20201130 22:18:18.389" endtime="20201130 22:18:19.551"></status>
</kw>
<status status="PASS" starttime="20201130 22:18:18.388" endtime="20201130 22:18:19.551"></status>
</kw>
<kw name="click">
<arguments>
<arg>xpath=/html/body/div/article/div/div/div[3]/div/section/div/div</arg>
</arguments>
<kw name="Click Element" library="SeleniumLibrary">
<doc>Click the element identified by ``locator``.</doc>
<arguments>
<arg>${element}</arg>
</arguments>
<msg timestamp="20201130 22:18:19.553" level="INFO">Clicking element 'xpath=/html/body/div/article/div/div/div[3]/div/section/div/div'.</msg>
<status status="PASS" starttime="20201130 22:18:19.552" endtime="20201130 22:18:20.653"></status>
</kw>
<status status="PASS" starttime="20201130 22:18:19.551" endtime="20201130 22:18:20.653"></status>
</kw>
<kw name="Sleep" library="BuiltIn">
<doc>Pauses the test executed for the given time.</doc>
<arguments>
<arg>3s</arg>
</arguments>
<msg timestamp="20201130 22:18:23.654" level="INFO">Slept 3 seconds</msg>
<status status="PASS" starttime="20201130 22:18:20.653" endtime="20201130 22:18:23.654"></status>
</kw>
<kw name="click">
<arguments>
<arg>id=react-select-project-option-0</arg>
</arguments>
<kw name="Click Element" library="SeleniumLibrary">
<doc>Click the element identified by ``locator``.</doc>
<arguments>
<arg>${element}</arg>
</arguments>
<msg timestamp="20201130 22:18:23.655" level="INFO">Clicking element 'id=react-select-project-option-0'.</msg>
<status status="PASS" starttime="20201130 22:18:23.655" endtime="20201130 22:18:24.787"></status>
</kw>
<status status="PASS" starttime="20201130 22:18:23.654" endtime="20201130 22:18:24.787"></status>
</kw>
<kw name="click">
<arguments>
<arg>name=fullDescription</arg>
</arguments>
<kw name="Click Element" library="SeleniumLibrary">
<doc>Click the element identified by ``locator``.</doc>
<arguments>
<arg>${element}</arg>
</arguments>
<msg timestamp="20201130 22:18:24.788" level="INFO">