<?xml version="1.0" encoding="UTF-8"?>
<robot generator="Robot 3.1.2 (Python 3.7.4 on win32)" generated="20201111 19:20:53.741" rpa="false">
<suite id="s1" name="CriarUsuarioAluno" source="C:\Users\baota\Desktop\FATEC\Antenas_Sakaue\Antenas_Robot\Antenas_Robot\CriarUsuarioAluno.robot">
<test id="s1-t1" name="Untitled Test Case">
<kw name="Run Keywords" library="BuiltIn" type="setup">
<doc>Executes all the given keywords in a sequence.</doc>
<arguments>
<arg>Open Browser</arg>
<arg>http://ec2-3-138-123-144.us-east-2.compute.amazonaws.com/</arg>
<arg>${BROWSER}</arg>
<arg>AND</arg>
<arg>Set Selenium Speed</arg>
<arg>${SELSPEED}</arg>
</arguments>
<kw name="Open Browser" library="SeleniumLibrary">
<doc>Opens a new browser instance to the given ``url``.</doc>
<arguments>
<arg>http://ec2-3-138-123-144.us-east-2.compute.amazonaws.com/</arg>
<arg>${BROWSER}</arg>
</arguments>
<msg timestamp="20201111 19:20:54.304" level="INFO">Opening browser 'chrome' to base url 'http://ec2-3-138-123-144.us-east-2.compute.amazonaws.com/'.</msg>
<status status="PASS" starttime="20201111 19:20:54.303" endtime="20201111 19:20:59.879"></status>
</kw>
<kw name="Set Selenium Speed" library="SeleniumLibrary">
<doc>Sets the delay that is waited after each Selenium command.</doc>
<arguments>
<arg>${SELSPEED}</arg>
</arguments>
<status status="PASS" starttime="20201111 19:20:59.879" endtime="20201111 19:20:59.881"></status>
</kw>
<status status="PASS" starttime="20201111 19:20:54.302" endtime="20201111 19:20:59.881"></status>
</kw>
<kw name="click">
<arguments>
<arg>xpath=//div[@id='root']/article/nav/div/a[2]/button/span</arg>
</arguments>
<kw name="Click Element" library="SeleniumLibrary">
<doc>Click element identified by ``locator``.</doc>
<arguments>
<arg>${element}</arg>
</arguments>
<msg timestamp="20201111 19:20:59.890" level="INFO">Clicking element 'xpath=//div[@id='root']/article/nav/div/a[2]/button/span'.</msg>
<status status="PASS" starttime="20201111 19:20:59.889" endtime="20201111 19:21:02.325"></status>
</kw>
<status status="PASS" starttime="20201111 19:20:59.888" endtime="20201111 19:21:02.326"></status>
</kw>
<kw name="click">
<arguments>
<arg>name=name</arg>
</arguments>
<kw name="Click Element" library="SeleniumLibrary">
<doc>Click element identified by ``locator``.</doc>
<arguments>
<arg>${element}</arg>
</arguments>
<msg timestamp="20201111 19:21:02.333" level="INFO">Clicking element 'name=name'.</msg>
<status status="PASS" starttime="20201111 19:21:02.332" endtime="20201111 19:21:04.437"></status>
</kw>
<status status="PASS" starttime="20201111 19:21:02.331" endtime="20201111 19:21:04.437"></status>
</kw>
<kw name="type">
<arguments>
<arg>name=name</arg>
<arg>Teste 2</arg>
</arguments>
<kw name="Input Text" library="SeleniumLibrary">
<doc>Types the given ``text`` into text field identified by ``locator``.</doc>
<arguments>
<arg>${element}</arg>
<arg>${value}</arg>
</arguments>
<msg timestamp="20201111 19:21:04.439" level="INFO">Typing text 'Teste 2' into text field 'name=name'.</msg>
<status status="PASS" starttime="20201111 19:21:04.439" endtime="20201111 19:21:07.581"></status>
</kw>
<status status="PASS" starttime="20201111 19:21:04.438" endtime="20201111 19:21:07.582"></status>
</kw>
<kw name="type">
<arguments>
<arg>name=email</arg>
<arg>teste2@email.com</arg>
</arguments>
<kw name="Input Text" library="SeleniumLibrary">
<doc>Types the given ``text`` into text field identified by ``locator``.</doc>
<arguments>
<arg>${element}</arg>
<arg>${value}</arg>
</arguments>
<msg timestamp="20201111 19:21:07.590" level="INFO">Typing text 'teste2@email.com' into text field 'name=email'.</msg>
<status status="PASS" starttime="20201111 19:21:07.588" endtime="20201111 19:21:10.776"></status>
</kw>
<status status="PASS" starttime="20201111 19:21:07.587" endtime="20201111 19:21:10.776"></status>
</kw>
<kw name="type">
<arguments>
<arg>name=password</arg>
<arg>1234</arg>
</arguments>
<kw name="Input Text" library="SeleniumLibrary">
<doc>Types the given ``text`` into text field identified by ``locator``.</doc>
<arguments>
<arg>${element}</arg>
<arg>${value}</arg>
</arguments>
<msg timestamp="20201111 19:21:10.777" level="INFO">Typing text '1234' into text field 'name=password'.</msg>
<status status="PASS" starttime="20201111 19:21:10.777" endtime="20201111 19:21:14.256"></status>
</kw>
<status status="PASS" starttime="20201111 19:21:10.776" endtime="20201111 19:21:14.256"></status>
</kw>
<kw name="click">
<arguments>
<arg>xpath=//body</arg>
</arguments>
<kw name="Click Element" library="SeleniumLibrary">
<doc>Click element identified by ``locator``.</doc>
<arguments>
<arg>${element}</arg>
</arguments>
<msg timestamp="20201111 19:21:14.257" level="INFO">Clicking element 'xpath=//body'.</msg>
<status status="PASS" starttime="20201111 19:21:14.257" endtime="20201111 19:21:16.340"></status>
</kw>
<status status="PASS" starttime="20201111 19:21:14.257" endtime="20201111 19:21:16.340"></status>
</kw>
<kw name="Mouse Down" library="SeleniumLibrary">
<doc>Simulates pressing the left mouse button on the element ``locator``.</doc>
<arguments>
<arg>id=mui-component-select-type</arg>
</arguments>
<msg timestamp="20201111 19:21:16.341" level="INFO">Simulating Mouse Down on element 'id=mui-component-select-type'.</msg>
<status status="PASS" starttime="20201111 19:21:16.340" endtime="20201111 19:21:18.722"></status>
</kw>
<kw name="Mouse Up" library="SeleniumLibrary">
<doc>Simulates releasing the left mouse button on the element ``locator``.</doc>
<arguments>
<arg>css=.MuiListItem-root:nth-child(2)</arg>
</arguments>
<msg timestamp="20201111 19:21:18.724" level="INFO">Simulating Mouse Up on element 'css=.MuiListItem-root:nth-child(2)'.</msg>
<status status="PASS" starttime="20201111 19:21:18.723" endtime="20201111 19:21:21.009"></status>
</kw>
<kw name="click">
<arguments>
<arg>css=body</arg>
</arguments>
<kw name="Click Element" library="SeleniumLibrary">
<doc>Click element identified by ``locator``.</doc>
<arguments>
<arg>${element}</arg>
</arguments>
<msg timestamp="20201111 19:21:21.013" level="INFO">Clicking element 'css=body'.</msg>
<status status="PASS" starttime="20201111 19:21:21.012" endtime="20201111 19:21:23.117"></status>
</kw>
<status status="PASS" starttime="20201111 19:21:21.011" endtime="20201111 19:21:23.117"></status>
</kw>
<kw name="click">
<arguments>
<arg>css=.MuiButtonBase-root:nth-child(3)</arg>
</arguments>
<kw name="Click Element" library="SeleniumLibrary">
<doc>Click element identified by ``locator``.</doc>
<arguments>
<arg>${element}</arg>
</arguments>
<msg timestamp="20201111 19:21:23.119" level="INFO">Clicking element 'css=.MuiButtonBase-root:nth-child(3)'.</msg>
<kw name="Capture Page Screenshot" library="SeleniumLibrary">
<doc>Takes screenshot of the current page and embeds it into log file.</doc>
<msg timestamp="20201111 19:21:25.462" level="INFO" html="yes">&lt;/td&gt;&lt;/tr&gt;&lt;tr&gt;&lt;td colspan="3"&gt;&lt;a href="selenium-screenshot-1.png"&gt;&lt;img src="selenium-screenshot-1.png" width="800px"&gt;&lt;/a&gt;</msg>
<status status="PASS" starttime="20201111 19:21:24.140" endtime="20201111 19:21:25.462"></status>
</kw>
<msg timestamp="20201111 19:21:25.524" level="FAIL">Element with locator 'css=.MuiButtonBase-root:nth-child(3)' not found.</msg>
<status status="FAIL" starttime="20201111 19:21:23.118" endtime="20201111 19:21:25.525"></status>
</kw>
<status status="FAIL" starttime="20201111 19:21:23.118" endtime="20201111 19:21:25.525"></status>
</kw>
<status status="FAIL" starttime="20201111 19:20:54.297" endtime="20201111 19:21:25.527" critical="yes">Element with locator 'css=.MuiButtonBase-root:nth-child(3)' not found.</status>
</test>
<status status="FAIL" starttime="20201111 19:20:53.745" endtime="20201111 19:21:25.531"></status>
</suite>
<statistics>
<total>
<stat pass="0" fail="1">Critical Tests</stat>
<stat pass="0" fail="1">All Tests</stat>
</total>
<tag>
</tag>
<suite>
<stat pass="0" fail="1" id="s1" name="CriarUsuarioAluno">CriarUsuarioAluno</stat>
</suite>
</statistics>
<errors>
</errors>
</robot>
